Build started 12/7/2014 2:20:33 PM.
     1>Project "C:\Users\hzweig17\Documents\GitHub\REAL-FINAL-PROJECT\REAL Final Project\code\CS_FINAL_PROJECT\CS_FINAL_PROJECT\CS_FINAL_PROJECT.vcxproj" on node 2 (Build target(s)).
     1>ClCompile:
         C:\Program Files (x86)\Microsoft Visual Studio 12.0\VC\bin\CL.exe /c /ZI /nologo /W3 /WX- /Od /Oy- /D WIN32 /D _DEBUG /D _CONSOLE /D _MBCS /Gm /EHsc /RTC1 /MDd /GS /fp:precise /Zc:wchar_t /Zc:forScope /Fo"Debug\\" /Fd"Debug\vc120.pdb" /Gd /TP /analyze- /errorReport:prompt "Area Functions.cpp" "Perimeter Functions.cpp" "Volume Functions.cpp"
         Volume Functions.cpp
         Perimeter Functions.cpp
         Area Functions.cpp
         Generating Code...
       Link:
         C:\Program Files (x86)\Microsoft Visual Studio 12.0\VC\bin\link.exe /ERRORREPORT:PROMPT /OUT:"C:\Users\hzweig17\Documents\GitHub\REAL-FINAL-PROJECT\REAL Final Project\code\CS_FINAL_PROJECT\Debug\CS_FINAL_PROJECT.exe" /INCREMENTAL /NOLOGO kernel32.lib user32.lib gdi32.lib winspool.lib comdlg32.lib advapi32.lib shell32.lib ole32.lib oleaut32.lib uuid.lib odbc32.lib odbccp32.lib /MANIFEST /MANIFESTUAC:"level='asInvoker' uiAccess='false'" /manifest:embed /DEBUG /PDB:"C:\Users\hzweig17\Documents\GitHub\REAL-FINAL-PROJECT\REAL Final Project\code\CS_FINAL_PROJECT\Debug\CS_FINAL_PROJECT.pdb" /SUBSYSTEM:CONSOLE /TLBID:1 /DYNAMICBASE /NXCOMPAT /IMPLIB:"C:\Users\hzweig17\Documents\GitHub\REAL-FINAL-PROJECT\REAL Final Project\code\CS_FINAL_PROJECT\Debug\CS_FINAL_PROJECT.lib" /MACHINE:X86 "Debug\Area Functions.obj"
         "Debug\Arithmetic Functions.obj"
         "Debug\Generic Functions.obj"
         "Debug\Menu Functions.obj"
         "Debug\Perimeter Functions.obj"
         "Debug\Report Functions.obj"
         "Debug\Retry Functions.obj"
         Debug\Source.obj
         "Debug\Volume Functions.obj"
         CS_FINAL_PROJECT.vcxproj -> C:\Users\hzweig17\Documents\GitHub\REAL-FINAL-PROJECT\REAL Final Project\code\CS_FINAL_PROJECT\Debug\CS_FINAL_PROJECT.exe
     1>Done Building Project "C:\Users\hzweig17\Documents\GitHub\REAL-FINAL-PROJECT\REAL Final Project\code\CS_FINAL_PROJECT\CS_FINAL_PROJECT\CS_FINAL_PROJECT.vcxproj" (Build target(s)).

Build succeeded.

Time Elapsed 00:00:01.44
