c:\users\hzweig17\documents\github\real-final-project\real final project\code\cs_final_project\cs_final_project\debug\vc120.pdb
c:\users\hzweig17\documents\github\real-final-project\real final project\code\cs_final_project\cs_final_project\debug\vc120.idb
c:\users\hzweig17\documents\github\real-final-project\real final project\code\cs_final_project\cs_final_project\debug\area functions.obj
c:\users\hzweig17\documents\github\real-final-project\real final project\code\cs_final_project\cs_final_project\debug\arithmetic functions.obj
c:\users\hzweig17\documents\github\real-final-project\real final project\code\cs_final_project\cs_final_project\debug\generic functions.obj
c:\users\hzweig17\documents\github\real-final-project\real final project\code\cs_final_project\cs_final_project\debug\menu functions.obj
c:\users\hzweig17\documents\github\real-final-project\real final project\code\cs_final_project\cs_final_project\debug\perimeter functions.obj
c:\users\hzweig17\documents\github\real-final-project\real final project\code\cs_final_project\cs_final_project\debug\report functions.obj
c:\users\hzweig17\documents\github\real-final-project\real final project\code\cs_final_project\cs_final_project\debug\retry functions.obj
c:\users\hzweig17\documents\github\real-final-project\real final project\code\cs_final_project\cs_final_project\debug\source.obj
c:\users\hzweig17\documents\github\real-final-project\real final project\code\cs_final_project\cs_final_project\debug\volume functions.obj
c:\users\hzweig17\documents\github\real-final-project\real final project\code\cs_final_project\debug\cs_final_project.pdb
c:\users\hzweig17\documents\github\real-final-project\real final project\code\cs_final_project\debug\cs_final_project.exe
c:\users\hzweig17\documents\github\real-final-project\real final project\code\cs_final_project\debug\cs_final_project.ilk
c:\users\hzweig17\documents\github\real-final-project\real final project\code\cs_final_project\cs_final_project\debug\cs_final_project.tlog\cl.command.1.tlog
c:\users\hzweig17\documents\github\real-final-project\real final project\code\cs_final_project\cs_final_project\debug\cs_final_project.tlog\cl.read.1.tlog
c:\users\hzweig17\documents\github\real-final-project\real final project\code\cs_final_project\cs_final_project\debug\cs_final_project.tlog\cl.write.1.tlog
c:\users\hzweig17\documents\github\real-final-project\real final project\code\cs_final_project\cs_final_project\debug\cs_final_project.tlog\link.command.1.tlog
c:\users\hzweig17\documents\github\real-final-project\real final project\code\cs_final_project\cs_final_project\debug\cs_final_project.tlog\link.read.1.tlog
c:\users\hzweig17\documents\github\real-final-project\real final project\code\cs_final_project\cs_final_project\debug\cs_final_project.tlog\link.write.1.tlog
